============================= test session starts ==============================
platform linux -- Python 3.12.13, pytest-9.1.1, pluggy-1.6.0
rootdir: /app
configfile: pyproject.toml
plugins: cov-7.1.0, hypothesis-6.168.0
collected 3211 items

tests/test_actions_queue_saturation_scheduler_cadence.py ....            [  0%]
tests/test_adversarial_evidence.py ........                              [  0%]
tests/test_agent_mention_acknowledgement_recovery.py ...                 [  0%]
tests/test_agent_mention_artifact_ledger.py ......                       [  0%]
tests/test_agent_mention_complete_payload_binding.py ....                [  0%]
tests/test_agent_mention_dispatch_payload_limit.py ....                  [  0%]
tests/test_agent_mention_downstream_idempotency.py ....                  [  1%]
tests/test_agent_mention_idempotency.py ......                           [  1%]
tests/test_agent_mention_queue_isolation.py ..                           [  1%]
tests/test_agent_mention_receipt_authority.py ..                         [  1%]
tests/test_agent_mention_rejection_idempotency.py ..                     [  1%]
tests/test_agent_mention_review_regressions.py .....                     [  1%]
tests/test_agent_mention_router.py ..................................... [  2%]
...................................                                      [  3%]
tests/test_agent_mention_sweep.py ............                           [  4%]
tests/test_agent_mention_sweep_regressions.py .........                  [  4%]
tests/test_agent_mention_timeout_bounds.py .........                     [  4%]
tests/test_agent_mention_workflow_contract.py ..                         [  4%]
tests/test_agent_review_runtime_quality_consolidation.py ............... [  5%]
.                                                                        [  5%]
tests/test_assert_opencode_reasoning_effort.py ............              [  5%]
tests/test_audit_org_codeql_coverage.py ..............................   [  6%]
tests/test_bootstrap_codeql_pull_requests.py .................           [  7%]
tests/test_central_required_workflow_exact_inventory.py ...              [  7%]
tests/test_central_required_workflow_ruleset_audit.py .................. [  7%]
............                                                             [  8%]
tests/test_changed_file_syntax_gate.py ...............                   [  8%]
tests/test_close_empty_pr_queue_pressure.py .....                        [  8%]
tests/test_cloudflare_dns_contract.py ....                               [  8%]
tests/test_code_scanning_required_workflow_contract.py ....              [  9%]
tests/test_codeql_default_setup_rollout.py ........................      [  9%]
tests/test_codeql_pr_workflow_contract.py ......................         [ 10%]
tests/test_codeql_sarif_gate.py ........................                 [ 11%]
tests/test_codeql_scan_dispatch_workflow_contract.py ................... [ 11%]
......                                                                   [ 11%]
tests/test_contextual_orchestrator_bytez_catalog_integration.py ..       [ 12%]
tests/test_contextual_orchestrator_free_credential_admission.py ....     [ 12%]
tests/test_contextual_orchestrator_free_pool_enrichment.py .             [ 12%]
tests/test_contextual_orchestrator_review_live_discovery_contract.py ... [ 12%]
......                                                                   [ 12%]
tests/test_contextual_orchestrator_review_policy.py .................... [ 13%]
............................                                             [ 13%]
tests/test_contextual_orchestrator_review_runtime_preflight.py ......... [ 14%]
........................................................................ [ 16%]
......................................................                   [ 18%]
tests/test_contextual_orchestrator_review_sidecar_contract.py .......... [ 18%]
...................                                                      [ 19%]
tests/test_contextual_orchestrator_sidecar_unbounded_wait_contract.py .. [ 19%]
                                                                         [ 19%]
tests/test_current_head_coalescer_self_cancellation.py .                 [ 19%]
tests/test_current_head_run_coalescer.py ............................... [ 20%]
.........                                                                [ 20%]
tests/test_current_head_run_coalescer_review_regressions.py ............ [ 20%]
........                                                                 [ 21%]
tests/test_dependency_review_reusable_workflow_contract.py ............  [ 21%]
tests/test_docs_only_pr_runner_admission.py ........                     [ 21%]
tests/test_exact_artifact_outer_receipt_contract.py ..                   [ 21%]
tests/test_exact_artifact_quality_single_runner.py ......                [ 21%]
tests/test_exact_artifact_sbom_attestation_contract.py .......           [ 22%]
tests/test_exact_artifact_sbom_review_regressions.py ..                  [ 22%]
tests/test_exact_head_coverage_quality_gate_contract.py ......           [ 22%]
tests/test_filter_gitleaks_sarif.py ........                             [ 22%]
tests/test_fuzz_targets.py .                                             [ 22%]
tests/test_github_hourly_conflict_repair.py .......                      [ 22%]
tests/test_gitleaks_pr_consolidation.py ...                              [ 22%]
tests/test_hourly_autofix_context_quality_gate.py .....                  [ 23%]
tests/test_hourly_review_repair_callers.py ............................. [ 24%]
                                                                         [ 24%]
tests/test_hourly_scheduler_runtime_budget.py .......                    [ 24%]
tests/test_implementation_completeness_scan.py .........                 [ 24%]
tests/test_install_base_python_locks.py ......................           [ 25%]
tests/test_javascript_coverage_gate.py .........................         [ 26%]
tests/test_javascript_coverage_storybook_boundary.py ..........          [ 26%]
tests/test_javascript_materializer_docstrings.py .                       [ 26%]
tests/test_materialize_base_javascript_packages.py ..................... [ 27%]
.................................................                        [ 28%]
tests/test_materialize_base_python_requirements.py ..................... [ 29%]
...........................                                              [ 30%]
tests/test_materialize_base_rust_dependencies.py ....................... [ 30%]
                                                                         [ 30%]
tests/test_materialize_uv_export_hash_contract.py .                      [ 30%]
tests/test_maturin_offline_build_contract.py ..                          [ 30%]
tests/test_merge_scheduler_runner_image_contract.py .                    [ 30%]
tests/test_noema_document_review_context.py .....ss                      [ 31%]
tests/test_noema_model_output_edge_coverage.py ...........               [ 31%]
tests/test_noema_model_output_failure_classification.py ...              [ 31%]
tests/test_noema_orchestrator_workflow_contract.py ............          [ 31%]
tests/test_noema_refreshed_app_identity.py ...                           [ 31%]
tests/test_noema_removed_file_context.py ...........                     [ 32%]
tests/test_noema_repair_attempt_telemetry.py .......................     [ 33%]
tests/test_noema_repair_has_no_fixed_wall_clock_deadline.py ...          [ 33%]
tests/test_noema_review_gate.py ........................................ [ 34%]
........................................................................ [ 36%]
.............                                                            [ 37%]
tests/test_noema_review_handoff.py ..................................... [ 38%]
...                                                                      [ 38%]
tests/test_noema_review_orchestrator_ssrf.py ......                      [ 38%]
tests/test_noema_reviewer_token_lifetime.py ...                          [ 38%]
tests/test_noema_token_lifetime_stale_run_contract.py .                  [ 38%]
tests/test_noema_two_phase_handoff.py .........                          [ 38%]
tests/test_opencode_adversarial_receipts.py ............                 [ 39%]
tests/test_opencode_agent_contract.py .................................. [ 40%]
....................                                                     [ 40%]
tests/test_opencode_coverage_identity.py ............................... [ 41%]
.....                                                                    [ 42%]
tests/test_opencode_coverage_publication_regression.py ........          [ 42%]
tests/test_opencode_dispatch_strix_sandbox_finding.py ...                [ 42%]
tests/test_opencode_docker_evidence_contract.py .                        [ 42%]
tests/test_opencode_existing_approval_gate.py .......................... [ 43%]
.....                                                                    [ 43%]
tests/test_opencode_live_draft_state_regression.py ...................   [ 43%]
tests/test_opencode_model_pool_runner.py .............................   [ 44%]
tests/test_opencode_oidc_audience_contract.py .                          [ 44%]
tests/test_opencode_required_rerun_capacity.py ....                      [ 45%]
tests/test_opencode_required_verdict_regression.py ..................... [ 45%]
......................                                                   [ 46%]
tests/test_opencode_review_coalesce_tick.py .........                    [ 46%]
tests/test_opencode_review_comment_helpers.py ..                         [ 46%]
tests/test_opencode_review_context.py .......                            [ 46%]
tests/test_opencode_review_normalize_output.py ......................... [ 47%]
........................................................................ [ 49%]
............                                                             [ 50%]
tests/test_opencode_review_prompt_false_positive_resistance.py ......... [ 50%]
......                                                                   [ 50%]
tests/test_opencode_review_receipt_gate.py ........                      [ 51%]
tests/test_opencode_review_surfaces.py ................................. [ 52%]
........                                                                 [ 52%]
tests/test_opencode_rust_coverage_toolchain_contract.py ........s        [ 52%]
tests/test_opencode_security_boundaries.py ............................. [ 53%]
..............                                                           [ 53%]
tests/test_opencode_workflow_shell_syntax.py .....                       [ 54%]
tests/test_orchestrator_free_sidecar_action_contract.py ..               [ 54%]
tests/test_org_queue_sweep_documentation_contract.py .                   [ 54%]
tests/test_org_required_workflow_scope_contract.py ..                    [ 54%]
tests/test_organization_commercial_readiness_loop_coordinator.py .....   [ 54%]
tests/test_organization_commercial_readiness_loop_credential_contract.py . [ 54%]
                                                                         [ 54%]
tests/test_organization_commercial_readiness_loop_github.py ........     [ 54%]
tests/test_organization_commercial_readiness_loop_import_contract.py .   [ 54%]
tests/test_organization_commercial_readiness_loop_operational_failures.py . [ 54%]
.                                                                        [ 54%]
tests/test_organization_commercial_readiness_loop_organization_scope.py . [ 54%]
.                                                                        [ 54%]
tests/test_organization_commercial_readiness_loop_policy.py .......      [ 55%]
tests/test_organization_commercial_readiness_loop_receipt_contract.py .. [ 55%]
                                                                         [ 55%]
tests/test_organization_commercial_readiness_loop_resource_limits.py ... [ 55%]
                                                                         [ 55%]
tests/test_organization_commercial_readiness_loop_run_pagination.py .    [ 55%]
tests/test_organization_commercial_readiness_loop_secret_scope.py ..     [ 55%]
tests/test_organization_commercial_readiness_loop_workflow_source_scope.py . [ 55%]
                                                                         [ 55%]
tests/test_organization_commercial_readiness_token_redaction.py ..       [ 55%]
tests/test_pingora_edge_policy.py ...................................... [ 56%]
..............................................                           [ 58%]
tests/test_pingora_edge_workflow_contract.py .                           [ 58%]
tests/test_pingora_hwpx_evidence.py ......................               [ 58%]
tests/test_pr1669_cancel_stale_opencode_runs.py ....                     [ 58%]
tests/test_pr_auto_rebase.py ........................................... [ 60%]
....                                                                     [ 60%]
tests/test_pr_governance_audit_contract.py ...                           [ 60%]
tests/test_pr_head_replay_guard.py .................                     [ 60%]
tests/test_pr_review_autofix_context_failed_checks.py ..........         [ 61%]
tests/test_pr_review_autofix_context_head_binding.py ..                  [ 61%]
tests/test_pr_review_autofix_context_import_fallback.py .                [ 61%]
tests/test_pr_review_autofix_nvidia_nim_contract.py .................... [ 61%]
...                                                                      [ 62%]
tests/test_pr_review_autofix_writer_security_contract.py ......          [ 62%]
tests/test_pr_review_conflict_scope.py ................................. [ 63%]
                                                                         [ 63%]
tests/test_pr_review_conflict_scope_control_files.py .....               [ 63%]
tests/test_pr_review_conflict_scope_git_executable.py .......            [ 63%]
tests/test_pr_review_conflict_scope_ignored_paths.py ..                  [ 63%]
tests/test_pr_review_conflict_scope_symlink_targets.py .........         [ 63%]
tests/test_pr_review_fix_hourly_contract.py ..................           [ 64%]
tests/test_pr_review_fix_scheduler.py .................................. [ 65%]
.................                                                        [ 66%]
tests/test_pr_review_fix_scheduler_coverage.py ...                       [ 66%]
tests/test_pr_review_fix_scheduler_direct_rca_regressions.py ..........  [ 66%]
tests/test_pr_review_fix_scheduler_rest_workflow_identity.py ......      [ 66%]
tests/test_pr_review_fix_scheduler_source_pin.py ......                  [ 66%]
tests/test_pr_review_merge_scheduler.py ................................ [ 67%]
........................................................................ [ 70%]
........................................................................ [ 72%]
........................................................................ [ 74%]
........................................................................ [ 76%]
.......................                                                  [ 77%]
tests/test_product_technical_gap_baseline.py .....                       [ 77%]
tests/test_r_coverage_peer_gate.py ................                      [ 78%]
tests/test_r_package_check_reusable_workflow_contract.py .......         [ 78%]
tests/test_readme_template_contract.py ....                              [ 78%]
tests/test_redact_sensitive_log_json_array.py ....                       [ 78%]
tests/test_render_opencode_prompt_template.py ....                       [ 78%]
tests/test_repository_branch_coverage_execution_sandboxes.py ........    [ 79%]
tests/test_repository_branch_coverage_javascript_and_noema.py ........   [ 79%]
tests/test_repository_branch_coverage_pr743_cleanup.py ..                [ 79%]
tests/test_repository_branch_coverage_reporting_edges.py ........        [ 79%]
tests/test_repository_branch_coverage_review_schedulers.py ........      [ 79%]
tests/test_repository_label_convergence.py .                             [ 79%]
tests/test_repository_label_identity.py ....                             [ 80%]
tests/test_repository_label_live_verification.py ..                      [ 80%]
tests/test_repository_label_reconciliation.py ........                   [ 80%]
tests/test_repository_label_taxonomy.py ..                               [ 80%]
tests/test_repository_metadata_convergence.py ..                         [ 80%]
tests/test_repository_metadata_identity.py ..                            [ 80%]
tests/test_repository_metadata_live_verification.py ............         [ 80%]
tests/test_repository_metadata_reconciliation.py ..............          [ 81%]
tests/test_repository_metadata_workflow.py .                             [ 81%]
tests/test_repository_metadata_workflow_pages.py ..........              [ 81%]
tests/test_required_review_runner_image_contract.py ....                 [ 81%]
tests/test_required_security_runner_image_contract.py ..                 [ 81%]
tests/test_required_workflow_queue_contract.py ......................... [ 82%]
.............................................                            [ 84%]
tests/test_reusable_default_branch_scorecard_contract.py ....            [ 84%]
tests/test_review_admission_controller.py ...................            [ 84%]
tests/test_review_execution_contracts.py ..                              [ 84%]
tests/test_rust_coverage_threshold.py ..........                         [ 85%]
tests/test_safe_pytest_command.py ...................................... [ 86%]
......                                                                   [ 86%]
tests/test_sandboxed_verify.py ...........................               [ 87%]
tests/test_sandboxed_web_e2e.py ........................................ [ 88%]
............................                                             [ 89%]
tests/test_sanitize_github_output_summary.py ...                         [ 89%]
tests/test_sbom_inventory_aggregator.py ...........                      [ 89%]
tests/test_sbom_inventory_scheduler_contract.py .....                    [ 90%]
tests/test_scheduler_and_codeql_dispatch_runner_image_contract.py ...... [ 90%]
                                                                         [ 90%]
tests/test_scheduler_opencode_followup_defer_contract.py ...             [ 90%]
tests/test_scheduler_rate_limit_fail_fast_entrypoint.py ................ [ 90%]
..                                                                       [ 90%]
tests/test_stacked_pr_security_workflow_contract.py .                    [ 90%]
tests/test_strix_backend_unavailable_after_exempted_finding.py .......   [ 91%]
tests/test_strix_caido_bootstrap_timing_retry.py ..............          [ 91%]
tests/test_strix_changed_path_policy.py ...                              [ 91%]
tests/test_strix_contextual_orchestrator_contract.py .......             [ 91%]
tests/test_strix_evidence_binding.py ................................... [ 93%]
                                                                         [ 93%]
tests/test_strix_llm_timeout_contract.py ................                [ 93%]
tests/test_strix_local_proxy_bootstrap_failure_is_classified.py ...      [ 93%]
tests/test_strix_model_behavior_error.py ........                        [ 93%]
tests/test_strix_nvidia_nim_not_found_fallback.py ................       [ 94%]
tests/test_strix_openai_fallback_api_base.py ................            [ 94%]
tests/test_strix_quality_timeout_fixture_budget.py ...                   [ 94%]
tests/test_strix_recovered_transient_sanitizer.py .......                [ 95%]
tests/test_strix_repository_visibility_contract.py ............          [ 95%]
tests/test_strix_required_smoke_availability.py ..                       [ 95%]
tests/test_strix_rerun_job_selection.py .                                [ 95%]
tests/test_strix_runtime_dependencies.py .                               [ 95%]
tests/test_strix_workflow_dependency_hashes.py ........                  [ 95%]
tests/test_trusted_uv_download_contract.py ....                          [ 96%]
tests/test_trusted_uv_materializer_quality_workflow_contract.py ....     [ 96%]
tests/test_trusted_uv_portability_and_streaming.py .....                 [ 96%]
tests/test_uv_export_isolation_contract.py ..................            [ 96%]
tests/test_uv_flat_lock_publication_boundary.py .......                  [ 97%]
tests/test_uv_redirect_and_coverage_contract.py .......                  [ 97%]
tests/test_uv_redirect_boundary.py ...........                           [ 97%]
tests/test_uv_workspace_fail_closed.py ...                               [ 97%]
tests/test_verify_exact_artifact_sbom_handoff.py ....................... [ 98%]
..................                                                       [ 99%]
tests/test_workflow_file_detection_pipefail_regression.py ......         [ 99%]
tests/test_zdr_policy.py .........................                       [100%]

================= 3208 passed, 3 skipped in 151.91s (0:02:31) ==================
